{"meta": {"format": 3, "version": "7.13.1", "timestamp": "2026-01-28T18:22:24.268045", "branch_coverage": false, "show_contexts": false}, "files": {"src/color_scheme/__init__.py": {"executed_lines": [6], "summary": {"covered_lines": 1, "num_statements": 1, "percent_covered": 100.0, "percent_covered_display": "100", "missing_lines": 0, "excluded_lines": 0, "percent_statements_covered": 100.0, "percent_statements_covered_display": "100"}, "missing_lines": [], "excluded_lines": [], "functions": {"": {"executed_lines": [6], "summary": {"covered_lines": 1, "num_statements": 1, "percent_covered": 100.0, "percent_covered_display": "100", "missing_lines": 0, "excluded_lines": 0, "percent_statements_covered": 100.0, "percent_statements_covered_display": "100"}, "missing_lines": [], "excluded_lines": [], "start_line": 1}}, "classes": {"": {"executed_lines": [6], "summary": {"covered_lines": 1, "num_statements": 1, "percent_covered": 100.0, "percent_covered_display": "100", "missing_lines": 0, "excluded_lines": 0, "percent_statements_covered": 100.0, "percent_statements_covered_display": "100"}, "missing_lines": [], "excluded_lines": [], "start_line": 1}}}, "src/color_scheme/backends/__init__.py": {"executed_lines": [3, 4, 5, 7], "summary": {"covered_lines": 4, "num_statements": 4, "percent_covered": 100.0, "percent_covered_display": "100", "missing_lines": 0, "excluded_lines": 0, "percent_statements_covered": 100.0, "percent_statements_covered_display": "100"}, "missing_lines": [], "excluded_lines": [], "functions": {"": {"executed_lines": [3, 4, 5, 7], "summary": {"covered_lines": 4, "num_statements": 4, "percent_covered": 100.0, "percent_covered_display": "100", "missing_lines": 0, "excluded_lines": 0, "percent_statements_covered": 100.0, "percent_statements_covered_display": "100"}, "missing_lines": [], "excluded_lines": [], "start_line": 1}}, "classes": {"": {"executed_lines": [3, 4, 5, 7], "summary": {"covered_lines": 4, "num_statements": 4, "percent_covered": 100.0, "percent_covered_display": "100", "missing_lines": 0, "excluded_lines": 0, "percent_statements_covered": 100.0, "percent_statements_covered_display": "100"}, "missing_lines": [], "excluded_lines": [], "start_line": 1}}}, "src/color_scheme/backends/custom.py": {"executed_lines": [3, 4, 6, 7, 8, 10, 11, 12, 13, 17, 19, 22, 31, 33, 34, 35, 36, 42, 43, 45, 47, 49, 51, 65, 68, 69, 71, 72, 73, 75, 76, 77, 79, 81, 82, 83, 86, 87, 90, 91, 92, 93, 96, 98, 99, 100, 101, 104, 113, 114, 116, 117, 118, 119, 120, 121, 123, 126, 127, 130, 133, 134, 137, 140, 141, 142, 143, 144, 147, 149], "summary": {"covered_lines": 70, "num_statements": 70, "percent_covered": 100.0, "percent_covered_display": "100", "missing_lines": 0, "excluded_lines": 0, "percent_statements_covered": 100.0, "percent_statements_covered_display": "100"}, "missing_lines": [], "excluded_lines": [], "functions": {"CustomGenerator.__init__": {"executed_lines": [33, 34, 35, 36], "summary": {"covered_lines": 4, "num_statements": 4, "percent_covered": 100.0, "percent_covered_display": "100", "missing_lines": 0, "excluded_lines": 0, "percent_statements_covered": 100.0, "percent_statements_covered_display": "100"}, "missing_lines": [], "excluded_lines": [], "start_line": 31}, "CustomGenerator.backend_name": {"executed_lines": [45], "summary": {"covered_lines": 1, "num_statements": 1, "percent_covered": 100.0, "percent_covered_display": "100", "missing_lines": 0, "excluded_lines": 0, "percent_statements_covered": 100.0, "percent_statements_covered_display": "100"}, "missing_lines": [], "excluded_lines": [], "start_line": 43}, "CustomGenerator.is_available": {"executed_lines": [49], "summary": {"covered_lines": 1, "num_statements": 1, "percent_covered": 100.0, "percent_covered_display": "100", "missing_lines": 0, "excluded_lines": 0, "percent_statements_covered": 100.0, "percent_statements_covered_display": "100"}, "missing_lines": [], "excluded_lines": [], "start_line": 47}, "CustomGenerator.generate": {"executed_lines": [65, 68, 69, 71, 72, 73, 75, 76, 77, 79, 81, 82, 83, 86, 87, 90, 91, 92, 93, 96, 98, 99, 100, 101, 104, 113, 114, 116, 117, 118, 119, 120, 121], "summary": {"covered_lines": 33, "num_statements": 33, "percent_covered": 100.0, "percent_covered_display": "100", "missing_lines": 0, "excluded_lines": 0, "percent_statements_covered": 100.0, "percent_statements_covered_display": "100"}, "missing_lines": [], "excluded_lines": [], "start_line": 51}, "CustomGenerator._extract_colors_kmeans": {"executed_lines": [126, 127, 130, 133, 134, 137, 140, 141, 142, 143, 144, 147, 149], "summary": {"covered_lines": 13, "num_statements": 13, "percent_covered": 100.0, "percent_covered_display": "100", "missing_lines": 0, "excluded_lines": 0, "percent_statements_covered": 100.0, "percent_statements_covered_display": "100"}, "missing_lines": [], "excluded_lines": [], "start_line": 123}, "": {"executed_lines": [3, 4, 6, 7, 8, 10, 11, 12, 13, 17, 19, 22, 31, 42, 43, 47, 51, 123], "summary": {"covered_lines": 18, "num_statements": 18, "percent_covered": 100.0, "percent_covered_display": "100", "missing_lines": 0, "excluded_lines": 0, "percent_statements_covered": 100.0, "percent_statements_covered_display": "100"}, "missing_lines": [], "excluded_lines": [], "start_line": 1}}, "classes": {"CustomGenerator": {"executed_lines": [33, 34, 35, 36, 45, 49, 65, 68, 69, 71, 72, 73, 75, 76, 77, 79, 81, 82, 83, 86, 87, 90, 91, 92, 93, 96, 98, 99, 100, 101, 104, 113, 114, 116, 117, 118, 119, 120, 121, 126, 127, 130, 133, 134, 137, 140, 141, 142, 143, 144, 147, 149], "summary": {"covered_lines": 52, "num_statements": 52, "percent_covered": 100.0, "percent_covered_display": "100", "missing_lines": 0, "excluded_lines": 0, "percent_statements_covered": 100.0, "percent_statements_covered_display": "100"}, "missing_lines": [], "excluded_lines": [], "start_line": 22}, "": {"executed_lines": [3, 4, 6, 7, 8, 10, 11, 12, 13, 17, 19, 22, 31, 42, 43, 47, 51, 123], "summary": {"covered_lines": 18, "num_statements": 18, "percent_covered": 100.0, "percent_covered_display": "100", "missing_lines": 0, "excluded_lines": 0, "percent_statements_covered": 100.0, "percent_statements_covered_display": "100"}, "missing_lines": [], "excluded_lines": [], "start_line": 1}}}, "src/color_scheme/backends/pywal.py": {"executed_lines": [3, 4, 5, 6, 7, 8, 10, 11, 12, 16, 18, 21, 31, 33, 35, 36, 38, 39, 41, 43, 45, 47, 62, 64, 67, 69, 70, 71, 73, 74, 75, 77, 79, 80, 82, 92, 93, 101, 104, 105, 108, 111, 112, 113, 114, 115, 116, 117, 119, 120, 122, 123, 124, 127, 128, 129, 132, 133, 134, 136, 140, 142, 143, 147, 148, 149, 150, 151, 152, 156, 158, 159, 162, 163, 164, 167, 168, 169, 170, 171, 173, 182, 184, 185, 186, 187, 188], "summary": {"covered_lines": 87, "num_statements": 88, "percent_covered": 98.86363636363636, "percent_covered_display": "99", "missing_lines": 1, "excluded_lines": 0, "percent_statements_covered": 98.86363636363636, "percent_statements_covered_display": "99"}, "missing_lines": [138], "excluded_lines": [], "functions": {"PywalGenerator.__init__": {"executed_lines": [33, 35, 36], "summary": {"covered_lines": 3, "num_statements": 3, "percent_covered": 100.0, "percent_covered_display": "100", "missing_lines": 0, "excluded_lines": 0, "percent_statements_covered": 100.0, "percent_statements_covered_display": "100"}, "missing_lines": [], "excluded_lines": [], "start_line": 31}, "PywalGenerator.backend_name": {"executed_lines": [41], "summary": {"covered_lines": 1, "num_statements": 1, "percent_covered": 100.0, "percent_covered_display": "100", "missing_lines": 0, "excluded_lines": 0, "percent_statements_covered": 100.0, "percent_statements_covered_display": "100"}, "missing_lines": [], "excluded_lines": [], "start_line": 39}, "PywalGenerator.is_available": {"executed_lines": [45], "summary": {"covered_lines": 1, "num_statements": 1, "percent_covered": 100.0, "percent_covered_display": "100", "missing_lines": 0, "excluded_lines": 0, "percent_statements_covered": 100.0, "percent_statements_covered_display": "100"}, "missing_lines": [], "excluded_lines": [], "start_line": 43}, "PywalGenerator.generate": {"executed_lines": [62, 64, 67, 69, 70, 71, 73, 74, 75, 77, 79, 80, 82, 92, 93, 101, 104, 105, 108, 111, 112, 113, 114, 115, 116, 117, 119, 120, 122, 123, 124, 127, 128, 129, 132, 133, 134], "summary": {"covered_lines": 37, "num_statements": 37, "percent_covered": 100.0, "percent_covered_display": "100", "missing_lines": 0, "excluded_lines": 0, "percent_statements_covered": 100.0, "percent_statements_covered_display": "100"}, "missing_lines": [], "excluded_lines": [], "start_line": 47}, "PywalGenerator._get_cache_file": {"executed_lines": [], "summary": {"covered_lines": 0, "num_statements": 1, "percent_covered": 0.0, "percent_covered_display": "0", "missing_lines": 1, "excluded_lines": 0, "percent_statements_covered": 0.0, "percent_statements_covered_display": "0"}, "missing_lines": [138], "excluded_lines": [], "start_line": 136}, "PywalGenerator._read_cache_file": {"executed_lines": [142, 143, 147, 148, 149, 150, 151, 152], "summary": {"covered_lines": 8, "num_statements": 8, "percent_covered": 100.0, "percent_covered_display": "100", "missing_lines": 0, "excluded_lines": 0, "percent_statements_covered": 100.0, "percent_statements_covered_display": "100"}, "missing_lines": [], "excluded_lines": [], "start_line": 140}, "PywalGenerator._parse_colors": {"executed_lines": [158, 159, 162, 163, 164, 167, 168, 169, 170, 171, 173], "summary": {"covered_lines": 11, "num_statements": 11, "percent_covered": 100.0, "percent_covered_display": "100", "missing_lines": 0, "excluded_lines": 0, "percent_statements_covered": 100.0, "percent_statements_covered_display": "100"}, "missing_lines": [], "excluded_lines": [], "start_line": 156}, "PywalGenerator._hex_to_rgb": {"executed_lines": [184, 185, 186, 187, 188], "summary": {"covered_lines": 5, "num_statements": 5, "percent_covered": 100.0, "percent_covered_display": "100", "missing_lines": 0, "excluded_lines": 0, "percent_statements_covered": 100.0, "percent_statements_covered_display": "100"}, "missing_lines": [], "excluded_lines": [], "start_line": 182}, "": {"executed_lines": [3, 4, 5, 6, 7, 8, 10, 11, 12, 16, 18, 21, 31, 38, 39, 43, 47, 136, 140, 156, 182], "summary": {"covered_lines": 21, "num_statements": 21, "percent_covered": 100.0, "percent_covered_display": "100", "missing_lines": 0, "excluded_lines": 0, "percent_statements_covered": 100.0, "percent_statements_covered_display": "100"}, "missing_lines": [], "excluded_lines": [], "start_line": 1}}, "classes": {"PywalGenerator": {"executed_lines": [33, 35, 36, 41, 45, 62, 64, 67, 69, 70, 71, 73, 74, 75, 77, 79, 80, 82, 92, 93, 101, 104, 105, 108, 111, 112, 113, 114, 115, 116, 117, 119, 120, 122, 123, 124, 127, 128, 129, 132, 133, 134, 142, 143, 147, 148, 149, 150, 151, 152, 158, 159, 162, 163, 164, 167, 168, 169, 170, 171, 173, 184, 185, 186, 187, 188], "summary": {"covered_lines": 66, "num_statements": 67, "percent_covered": 98.50746268656717, "percent_covered_display": "99", "missing_lines": 1, "excluded_lines": 0, "percent_statements_covered": 98.50746268656717, "percent_statements_covered_display": "99"}, "missing_lines": [138], "excluded_lines": [], "start_line": 21}, "": {"executed_lines": [3, 4, 5, 6, 7, 8, 10, 11, 12, 16, 18, 21, 31, 38, 39, 43, 47, 136, 140, 156, 182], "summary": {"covered_lines": 21, "num_statements": 21, "percent_covered": 100.0, "percent_covered_display": "100", "missing_lines": 0, "excluded_lines": 0, "percent_statements_covered": 100.0, "percent_statements_covered_display": "100"}, "missing_lines": [], "excluded_lines": [], "start_line": 1}}}, "src/color_scheme/backends/wallust.py": {"executed_lines": [3, 4, 5, 6, 7, 8, 10, 11, 12, 16, 18, 21, 30, 32, 33, 35, 36, 38, 40, 42, 44, 59, 61, 64, 66, 67, 68, 70, 71, 72, 74, 76, 77, 80, 90, 91, 99, 102, 105, 108, 109, 110, 111, 112, 113, 114, 116, 117, 119, 120, 121, 124, 125, 126, 129, 130, 131, 138, 141, 142, 143, 146, 147, 148, 149, 150, 152, 161, 163, 164, 165, 166, 167], "summary": {"covered_lines": 73, "num_statements": 76, "percent_covered": 96.05263157894737, "percent_covered_display": "96", "missing_lines": 3, "excluded_lines": 0, "percent_statements_covered": 96.05263157894737, "percent_statements_covered_display": "96"}, "missing_lines": [134, 135, 136], "excluded_lines": [], "functions": {"WallustGenerator.__init__": {"executed_lines": [32, 33], "summary": {"covered_lines": 2, "num_statements": 2, "percent_covered": 100.0, "percent_covered_display": "100", "missing_lines": 0, "excluded_lines": 0, "percent_statements_covered": 100.0, "percent_statements_covered_display": "100"}, "missing_lines": [], "excluded_lines": [], "start_line": 30}, "WallustGenerator.backend_name": {"executed_lines": [38], "summary": {"covered_lines": 1, "num_statements": 1, "percent_covered": 100.0, "percent_covered_display": "100", "missing_lines": 0, "excluded_lines": 0, "percent_statements_covered": 100.0, "percent_statements_covered_display": "100"}, "missing_lines": [], "excluded_lines": [], "start_line": 36}, "WallustGenerator.is_available": {"executed_lines": [42], "summary": {"covered_lines": 1, "num_statements": 1, "percent_covered": 100.0, "percent_covered_display": "100", "missing_lines": 0, "excluded_lines": 0, "percent_statements_covered": 100.0, "percent_statements_covered_display": "100"}, "missing_lines": [], "excluded_lines": [], "start_line": 40}, "WallustGenerator.generate": {"executed_lines": [59, 61, 64, 66, 67, 68, 70, 71, 72, 74, 76, 77, 80, 90, 91, 99, 102, 105, 108, 109, 110, 111, 112, 113, 114, 116, 117, 119, 120, 121, 124, 125, 126, 129, 130, 131], "summary": {"covered_lines": 36, "num_statements": 39, "percent_covered": 92.3076923076923, "percent_covered_display": "92", "missing_lines": 3, "excluded_lines": 0, "percent_statements_covered": 92.3076923076923, "percent_statements_covered_display": "92"}, "missing_lines": [134, 135, 136], "excluded_lines": [], "start_line": 44}, "WallustGenerator._parse_colors": {"executed_lines": [141, 142, 143, 146, 147, 148, 149, 150, 152], "summary": {"covered_lines": 9, "num_statements": 9, "percent_covered": 100.0, "percent_covered_display": "100", "missing_lines": 0, "excluded_lines": 0, "percent_statements_covered": 100.0, "percent_statements_covered_display": "100"}, "missing_lines": [], "excluded_lines": [], "start_line": 138}, "WallustGenerator._hex_to_rgb": {"executed_lines": [163, 164, 165, 166, 167], "summary": {"covered_lines": 5, "num_statements": 5, "percent_covered": 100.0, "percent_covered_display": "100", "missing_lines": 0, "excluded_lines": 0, "percent_statements_covered": 100.0, "percent_statements_covered_display": "100"}, "missing_lines": [], "excluded_lines": [], "start_line": 161}, "": {"executed_lines": [3, 4, 5, 6, 7, 8, 10, 11, 12, 16, 18, 21, 30, 35, 36, 40, 44, 138, 161], "summary": {"covered_lines": 19, "num_statements": 19, "percent_covered": 100.0, "percent_covered_display": "100", "missing_lines": 0, "excluded_lines": 0, "percent_statements_covered": 100.0, "percent_statements_covered_display": "100"}, "missing_lines": [], "excluded_lines": [], "start_line": 1}}, "classes": {"WallustGenerator": {"executed_lines": [32, 33, 38, 42, 59, 61, 64, 66, 67, 68, 70, 71, 72, 74, 76, 77, 80, 90, 91, 99, 102, 105, 108, 109, 110, 111, 112, 113, 114, 116, 117, 119, 120, 121, 124, 125, 126, 129, 130, 131, 141, 142, 143, 146, 147, 148, 149, 150, 152, 163, 164, 165, 166, 167], "summary": {"covered_lines": 54, "num_statements": 57, "percent_covered": 94.73684210526316, "percent_covered_display": "95", "missing_lines": 3, "excluded_lines": 0, "percent_statements_covered": 94.73684210526316, "percent_statements_covered_display": "95"}, "missing_lines": [134, 135, 136], "excluded_lines": [], "start_line": 21}, "": {"executed_lines": [3, 4, 5, 6, 7, 8, 10, 11, 12, 16, 18, 21, 30, 35, 36, 40, 44, 138, 161], "summary": {"covered_lines": 19, "num_statements": 19, "percent_covered": 100.0, "percent_covered_display": "100", "missing_lines": 0, "excluded_lines": 0, "percent_statements_covered": 100.0, "percent_statements_covered_display": "100"}, "missing_lines": [], "excluded_lines": [], "start_line": 1}}}, "src/color_scheme/cli/__init__.py": {"executed_lines": [], "summary": {"covered_lines": 0, "num_statements": 0, "percent_covered": 100.0, "percent_covered_display": "100", "missing_lines": 0, "excluded_lines": 0, "percent_statements_covered": 100.0, "percent_statements_covered_display": "100"}, "missing_lines": [], "excluded_lines": [], "functions": {"": {"executed_lines": [], "summary": {"covered_lines": 0, "num_statements": 0, "percent_covered": 100.0, "percent_covered_display": "100", "missing_lines": 0, "excluded_lines": 0, "percent_statements_covered": 100.0, "percent_statements_covered_display": "100"}, "missing_lines": [], "excluded_lines": [], "start_line": 1}}, "classes": {"": {"executed_lines": [], "summary": {"covered_lines": 0, "num_statements": 0, "percent_covered": 100.0, "percent_covered_display": "100", "missing_lines": 0, "excluded_lines": 0, "percent_statements_covered": 100.0, "percent_statements_covered_display": "100"}, "missing_lines": [], "excluded_lines": [], "start_line": 1}}}, "src/color_scheme/cli/main.py": {"executed_lines": [3, 4, 6, 7, 8, 9, 11, 12, 13, 21, 22, 23, 25, 32, 33, 36, 37, 44, 45, 95, 97, 100, 101, 102, 104, 109, 112, 113, 114, 116, 119, 120, 121, 122, 124, 125, 127, 130, 131, 134, 135, 138, 139, 142, 165, 166, 167, 174, 177, 178, 179, 181, 182, 183, 185, 187, 192, 204, 209, 217, 225, 230, 232, 240, 241, 277, 279, 282, 283, 284, 286, 291, 294, 295, 296, 298, 301, 302, 305, 308, 311, 312, 315, 338, 341, 345, 353, 358, 359, 362, 363, 364, 365, 366, 369, 375, 376, 377, 378, 380, 381, 384, 385, 386, 387, 388, 389, 392, 412, 415, 416, 417, 419, 421, 426, 438, 443, 448, 450, 458, 463], "summary": {"covered_lines": 121, "num_statements": 184, "percent_covered": 65.76086956521739, "percent_covered_display": "66", "missing_lines": 63, "excluded_lines": 0, "percent_statements_covered": 65.76086956521739, "percent_statements_covered_display": "66"}, "missing_lines": [39, 41, 105, 106, 123, 146, 150, 153, 156, 159, 188, 189, 190, 193, 197, 201, 202, 205, 206, 207, 210, 213, 214, 215, 218, 221, 222, 223, 226, 227, 228, 234, 235, 236, 237, 287, 288, 303, 319, 323, 326, 329, 332, 349, 422, 423, 424, 427, 431, 435, 436, 439, 440, 441, 444, 445, 446, 452, 453, 454, 455, 460, 464], "excluded_lines": [], "functions": {"version": {"executed_lines": [], "summary": {"covered_lines": 0, "num_statements": 2, "percent_covered": 0.0, "percent_covered_display": "0", "missing_lines": 2, "excluded_lines": 0, "percent_statements_covered": 0.0, "percent_statements_covered_display": "0"}, "missing_lines": [39, 41], "excluded_lines": [], "start_line": 37}, "generate": {"executed_lines": [95, 97, 100, 101, 102, 104, 109, 112, 113, 114, 116, 119, 120, 121, 122, 124, 125, 127, 130, 131, 134, 135, 138, 139, 142, 165, 166, 167, 174, 177, 178, 179, 181, 182, 183, 185, 187, 192, 204, 209, 217, 225, 230, 232], "summary": {"covered_lines": 44, "num_statements": 77, "percent_covered": 57.142857142857146, "percent_covered_display": "57", "missing_lines": 33, "excluded_lines": 0, "percent_statements_covered": 57.142857142857146, "percent_statements_covered_display": "57"}, "missing_lines": [105, 106, 123, 146, 150, 153, 156, 159, 188, 189, 190, 193, 197, 201, 202, 205, 206, 207, 210, 213, 214, 215, 218, 221, 222, 223, 226, 227, 228, 234, 235, 236, 237], "excluded_lines": [], "start_line": 45}, "show": {"executed_lines": [277, 279, 282, 283, 284, 286, 291, 294, 295, 296, 298, 301, 302, 305, 308, 311, 312, 315, 338, 341, 345, 353, 358, 359, 362, 363, 364, 365, 366, 369, 375, 376, 377, 378, 380, 381, 384, 385, 386, 387, 388, 389, 392, 412, 415, 416, 417, 419, 421, 426, 438, 443, 448, 450], "summary": {"covered_lines": 54, "num_statements": 80, "percent_covered": 67.5, "percent_covered_display": "68", "missing_lines": 26, "excluded_lines": 0, "percent_statements_covered": 67.5, "percent_statements_covered_display": "68"}, "missing_lines": [287, 288, 303, 319, 323, 326, 329, 332, 349, 422, 423, 424, 427, 431, 435, 436, 439, 440, 441, 444, 445, 446, 452, 453, 454, 455], "excluded_lines": [], "start_line": 241}, "main": {"executed_lines": [], "summary": {"covered_lines": 0, "num_statements": 1, "percent_covered": 0.0, "percent_covered_display": "0", "missing_lines": 1, "excluded_lines": 0, "percent_statements_covered": 0.0, "percent_statements_covered_display": "0"}, "missing_lines": [460], "excluded_lines": [], "start_line": 458}, "": {"executed_lines": [3, 4, 6, 7, 8, 9, 11, 12, 13, 21, 22, 23, 25, 32, 33, 36, 37, 44, 45, 240, 241, 458, 463], "summary": {"covered_lines": 23, "num_statements": 24, "percent_covered": 95.83333333333333, "percent_covered_display": "96", "missing_lines": 1, "excluded_lines": 0, "percent_statements_covered": 95.83333333333333, "percent_statements_covered_display": "96"}, "missing_lines": [464], "excluded_lines": [], "start_line": 1}}, "classes": {"": {"executed_lines": [3, 4, 6, 7, 8, 9, 11, 12, 13, 21, 22, 23, 25, 32, 33, 36, 37, 44, 45, 95, 97, 100, 101, 102, 104, 109, 112, 113, 114, 116, 119, 120, 121, 122, 124, 125, 127, 130, 131, 134, 135, 138, 139, 142, 165, 166, 167, 174, 177, 178, 179, 181, 182, 183, 185, 187, 192, 204, 209, 217, 225, 230, 232, 240, 241, 277, 279, 282, 283, 284, 286, 291, 294, 295, 296, 298, 301, 302, 305, 308, 311, 312, 315, 338, 341, 345, 353, 358, 359, 362, 363, 364, 365, 366, 369, 375, 376, 377, 378, 380, 381, 384, 385, 386, 387, 388, 389, 392, 412, 415, 416, 417, 419, 421, 426, 438, 443, 448, 450, 458, 463], "summary": {"covered_lines": 121, "num_statements": 184, "percent_covered": 65.76086956521739, "percent_covered_display": "66", "missing_lines": 63, "excluded_lines": 0, "percent_statements_covered": 65.76086956521739, "percent_statements_covered_display": "66"}, "missing_lines": [39, 41, 105, 106, 123, 146, 150, 153, 156, 159, 188, 189, 190, 193, 197, 201, 202, 205, 206, 207, 210, 213, 214, 215, 218, 221, 222, 223, 226, 227, 228, 234, 235, 236, 237, 287, 288, 303, 319, 323, 326, 329, 332, 349, 422, 423, 424, 427, 431, 435, 436, 439, 440, 441, 444, 445, 446, 452, 453, 454, 455, 460, 464], "excluded_lines": [], "start_line": 1}}}, "src/color_scheme/config/__init__.py": {"executed_lines": [3, 4, 5, 7], "summary": {"covered_lines": 4, "num_statements": 4, "percent_covered": 100.0, "percent_covered_display": "100", "missing_lines": 0, "excluded_lines": 0, "percent_statements_covered": 100.0, "percent_statements_covered_display": "100"}, "missing_lines": [], "excluded_lines": [], "functions": {"": {"executed_lines": [3, 4, 5, 7], "summary": {"covered_lines": 4, "num_statements": 4, "percent_covered": 100.0, "percent_covered_display": "100", "missing_lines": 0, "excluded_lines": 0, "percent_statements_covered": 100.0, "percent_statements_covered_display": "100"}, "missing_lines": [], "excluded_lines": [], "start_line": 1}}, "classes": {"": {"executed_lines": [3, 4, 5, 7], "summary": {"covered_lines": 4, "num_statements": 4, "percent_covered": 100.0, "percent_covered_display": "100", "missing_lines": 0, "excluded_lines": 0, "percent_statements_covered": 100.0, "percent_statements_covered_display": "100"}, "missing_lines": [], "excluded_lines": [], "start_line": 1}}}, "src/color_scheme/config/config.py": {"executed_lines": [8, 9, 11, 13, 24, 27, 34, 39, 40, 41, 43, 44, 45, 46, 50, 53, 59, 63, 67, 72, 73, 74, 76, 77, 78, 79, 83, 85, 91, 92, 95, 102, 106, 112, 119, 124, 131, 132, 133, 135, 136, 137, 138, 139, 140, 143, 152, 157, 158, 159, 161, 162, 163, 167, 170, 178, 184, 187, 190, 197, 198, 199, 201, 202, 203, 204, 205, 206, 211, 214, 218, 222, 228, 231, 237, 245, 249, 253, 257, 261, 265], "summary": {"covered_lines": 81, "num_statements": 81, "percent_covered": 100.0, "percent_covered_display": "100", "missing_lines": 0, "excluded_lines": 0, "percent_statements_covered": 100.0, "percent_statements_covered_display": "100"}, "missing_lines": [], "excluded_lines": [], "functions": {"ContainerSettings.validate_engine": {"executed_lines": [43, 44, 45, 46, 50], "summary": {"covered_lines": 5, "num_statements": 5, "percent_covered": 100.0, "percent_covered_display": "100", "missing_lines": 0, "excluded_lines": 0, "percent_statements_covered": 100.0, "percent_statements_covered_display": "100"}, "missing_lines": [], "excluded_lines": [], "start_line": 41}, "LoggingSettings.validate_level": {"executed_lines": [76, 77, 78, 79, 83], "summary": {"covered_lines": 5, "num_statements": 5, "percent_covered": 100.0, "percent_covered_display": "100", "missing_lines": 0, "excluded_lines": 0, "percent_statements_covered": 100.0, "percent_statements_covered_display": "100"}, "missing_lines": [], "excluded_lines": [], "start_line": 74}, "LoggingSettings.get_level_int": {"executed_lines": [91, 92], "summary": {"covered_lines": 2, "num_statements": 2, "percent_covered": 100.0, "percent_covered_display": "100", "missing_lines": 0, "excluded_lines": 0, "percent_statements_covered": 100.0, "percent_statements_covered_display": "100"}, "missing_lines": [], "excluded_lines": [], "start_line": 85}, "GenerationSettings.validate_backend": {"executed_lines": [135, 136, 137, 138, 139, 140], "summary": {"covered_lines": 6, "num_statements": 6, "percent_covered": 100.0, "percent_covered_display": "100", "missing_lines": 0, "excluded_lines": 0, "percent_statements_covered": 100.0, "percent_statements_covered_display": "100"}, "missing_lines": [], "excluded_lines": [], "start_line": 133}, "PywalBackendSettings.validate_backend_algorithm": {"executed_lines": [161, 162, 163, 167], "summary": {"covered_lines": 4, "num_statements": 4, "percent_covered": 100.0, "percent_covered_display": "100", "missing_lines": 0, "excluded_lines": 0, "percent_statements_covered": 100.0, "percent_statements_covered_display": "100"}, "missing_lines": [], "excluded_lines": [], "start_line": 159}, "CustomBackendSettings.validate_algorithm": {"executed_lines": [201, 202, 203, 204, 205, 206], "summary": {"covered_lines": 6, "num_statements": 6, "percent_covered": 100.0, "percent_covered_display": "100", "missing_lines": 0, "excluded_lines": 0, "percent_statements_covered": 100.0, "percent_statements_covered_display": "100"}, "missing_lines": [], "excluded_lines": [], "start_line": 199}, "": {"executed_lines": [8, 9, 11, 13, 24, 27, 34, 39, 40, 41, 53, 59, 63, 67, 72, 73, 74, 85, 95, 102, 106, 112, 119, 124, 131, 132, 133, 143, 152, 157, 158, 159, 170, 178, 184, 187, 190, 197, 198, 199, 211, 214, 218, 222, 228, 231, 237, 245, 249, 253, 257, 261, 265], "summary": {"covered_lines": 53, "num_statements": 53, "percent_covered": 100.0, "percent_covered_display": "100", "missing_lines": 0, "excluded_lines": 0, "percent_statements_covered": 100.0, "percent_statements_covered_display": "100"}, "missing_lines": [], "excluded_lines": [], "start_line": 1}}, "classes": {"ContainerSettings": {"executed_lines": [43, 44, 45, 46, 50], "summary": {"covered_lines": 5, "num_statements": 5, "percent_covered": 100.0, "percent_covered_display": "100", "missing_lines": 0, "excluded_lines": 0, "percent_statements_covered": 100.0, "percent_statements_covered_display": "100"}, "missing_lines": [], "excluded_lines": [], "start_line": 27}, "LoggingSettings": {"executed_lines": [76, 77, 78, 79, 83, 91, 92], "summary": {"covered_lines": 7, "num_statements": 7, "percent_covered": 100.0, "percent_covered_display": "100", "missing_lines": 0, "excluded_lines": 0, "percent_statements_covered": 100.0, "percent_statements_covered_display": "100"}, "missing_lines": [], "excluded_lines": [], "start_line": 53}, "OutputSettings": {"executed_lines": [], "summary": {"covered_lines": 0, "num_statements": 0, "percent_covered": 100.0, "percent_covered_display": "100", "missing_lines": 0, "excluded_lines": 0, "percent_statements_covered": 100.0, "percent_statements_covered_display": "100"}, "missing_lines": [], "excluded_lines": [], "start_line": 95}, "GenerationSettings": {"executed_lines": [135, 136, 137, 138, 139, 140], "summary": {"covered_lines": 6, "num_statements": 6, "percent_covered": 100.0, "percent_covered_display": "100", "missing_lines": 0, "excluded_lines": 0, "percent_statements_covered": 100.0, "percent_statements_covered_display": "100"}, "missing_lines": [], "excluded_lines": [], "start_line": 112}, "PywalBackendSettings": {"executed_lines": [161, 162, 163, 167], "summary": {"covered_lines": 4, "num_statements": 4, "percent_covered": 100.0, "percent_covered_display": "100", "missing_lines": 0, "excluded_lines": 0, "percent_statements_covered": 100.0, "percent_statements_covered_display": "100"}, "missing_lines": [], "excluded_lines": [], "start_line": 143}, "WallustBackendSettings": {"executed_lines": [], "summary": {"covered_lines": 0, "num_statements": 0, "percent_covered": 100.0, "percent_covered_display": "100", "missing_lines": 0, "excluded_lines": 0, "percent_statements_covered": 100.0, "percent_statements_covered_display": "100"}, "missing_lines": [], "excluded_lines": [], "start_line": 170}, "CustomBackendSettings": {"executed_lines": [201, 202, 203, 204, 205, 206], "summary": {"covered_lines": 6, "num_statements": 6, "percent_covered": 100.0, "percent_covered_display": "100", "missing_lines": 0, "excluded_lines": 0, "percent_statements_covered": 100.0, "percent_statements_covered_display": "100"}, "missing_lines": [], "excluded_lines": [], "start_line": 184}, "BackendSettings": {"executed_lines": [], "summary": {"covered_lines": 0, "num_statements": 0, "percent_covered": 100.0, "percent_covered_display": "100", "missing_lines": 0, "excluded_lines": 0, "percent_statements_covered": 100.0, "percent_statements_covered_display": "100"}, "missing_lines": [], "excluded_lines": [], "start_line": 211}, "TemplateSettings": {"executed_lines": [], "summary": {"covered_lines": 0, "num_statements": 0, "percent_covered": 100.0, "percent_covered_display": "100", "missing_lines": 0, "excluded_lines": 0, "percent_statements_covered": 100.0, "percent_statements_covered_display": "100"}, "missing_lines": [], "excluded_lines": [], "start_line": 228}, "AppConfig": {"executed_lines": [], "summary": {"covered_lines": 0, "num_statements": 0, "percent_covered": 100.0, "percent_covered_display": "100", "missing_lines": 0, "excluded_lines": 0, "percent_statements_covered": 100.0, "percent_statements_covered_display": "100"}, "missing_lines": [], "excluded_lines": [], "start_line": 237}, "": {"executed_lines": [8, 9, 11, 13, 24, 27, 34, 39, 40, 41, 53, 59, 63, 67, 72, 73, 74, 85, 95, 102, 106, 112, 119, 124, 131, 132, 133, 143, 152, 157, 158, 159, 170, 178, 184, 187, 190, 197, 198, 199, 211, 214, 218, 222, 228, 231, 237, 245, 249, 253, 257, 261, 265], "summary": {"covered_lines": 53, "num_statements": 53, "percent_covered": 100.0, "percent_covered_display": "100", "missing_lines": 0, "excluded_lines": 0, "percent_statements_covered": 100.0, "percent_statements_covered_display": "100"}, "missing_lines": [], "excluded_lines": [], "start_line": 1}}}, "src/color_scheme/config/defaults.py": {"executed_lines": [3, 4, 7, 8, 9, 12, 13, 25, 26, 29, 30, 31, 32, 36, 37], "summary": {"covered_lines": 15, "num_statements": 15, "percent_covered": 100.0, "percent_covered_display": "100", "missing_lines": 0, "excluded_lines": 0, "percent_statements_covered": 100.0, "percent_statements_covered_display": "100"}, "missing_lines": [], "excluded_lines": [], "functions": {"": {"executed_lines": [3, 4, 7, 8, 9, 12, 13, 25, 26, 29, 30, 31, 32, 36, 37], "summary": {"covered_lines": 15, "num_statements": 15, "percent_covered": 100.0, "percent_covered_display": "100", "missing_lines": 0, "excluded_lines": 0, "percent_statements_covered": 100.0, "percent_statements_covered_display": "100"}, "missing_lines": [], "excluded_lines": [], "start_line": 1}}, "classes": {"": {"executed_lines": [3, 4, 7, 8, 9, 12, 13, 25, 26, 29, 30, 31, 32, 36, 37], "summary": {"covered_lines": 15, "num_statements": 15, "percent_covered": 100.0, "percent_covered_display": "100", "missing_lines": 0, "excluded_lines": 0, "percent_statements_covered": 100.0, "percent_statements_covered_display": "100"}, "missing_lines": [], "excluded_lines": [], "start_line": 1}}}, "src/color_scheme/config/enums.py": {"executed_lines": [3, 6, 9, 10, 11, 14, 17, 18, 21, 24, 25, 26, 27, 28, 29, 30, 31], "summary": {"covered_lines": 17, "num_statements": 17, "percent_covered": 100.0, "percent_covered_display": "100", "missing_lines": 0, "excluded_lines": 0, "percent_statements_covered": 100.0, "percent_statements_covered_display": "100"}, "missing_lines": [], "excluded_lines": [], "functions": {"": {"executed_lines": [3, 6, 9, 10, 11, 14, 17, 18, 21, 24, 25, 26, 27, 28, 29, 30, 31], "summary": {"covered_lines": 17, "num_statements": 17, "percent_covered": 100.0, "percent_covered_display": "100", "missing_lines": 0, "excluded_lines": 0, "percent_statements_covered": 100.0, "percent_statements_covered_display": "100"}, "missing_lines": [], "excluded_lines": [], "start_line": 1}}, "classes": {"Backend": {"executed_lines": [], "summary": {"covered_lines": 0, "num_statements": 0, "percent_covered": 100.0, "percent_covered_display": "100", "missing_lines": 0, "excluded_lines": 0, "percent_statements_covered": 100.0, "percent_statements_covered_display": "100"}, "missing_lines": [], "excluded_lines": [], "start_line": 6}, "ColorAlgorithm": {"executed_lines": [], "summary": {"covered_lines": 0, "num_statements": 0, "percent_covered": 100.0, "percent_covered_display": "100", "missing_lines": 0, "excluded_lines": 0, "percent_statements_covered": 100.0, "percent_statements_covered_display": "100"}, "missing_lines": [], "excluded_lines": [], "start_line": 14}, "ColorFormat": {"executed_lines": [], "summary": {"covered_lines": 0, "num_statements": 0, "percent_covered": 100.0, "percent_covered_display": "100", "missing_lines": 0, "excluded_lines": 0, "percent_statements_covered": 100.0, "percent_statements_covered_display": "100"}, "missing_lines": [], "excluded_lines": [], "start_line": 21}, "": {"executed_lines": [3, 6, 9, 10, 11, 14, 17, 18, 21, 24, 25, 26, 27, 28, 29, 30, 31], "summary": {"covered_lines": 17, "num_statements": 17, "percent_covered": 100.0, "percent_covered_display": "100", "missing_lines": 0, "excluded_lines": 0, "percent_statements_covered": 100.0, "percent_statements_covered_display": "100"}, "missing_lines": [], "excluded_lines": [], "start_line": 1}}}, "src/color_scheme/config/settings.py": {"executed_lines": [9, 10, 11, 13, 14, 16, 19, 20, 23, 39, 45, 46, 48, 51, 57, 58, 69, 70, 71, 72, 76, 77, 79, 80, 94, 96, 97, 98, 99, 102, 103, 105, 107, 108, 110, 111, 123, 124, 125, 126, 128, 134, 138], "summary": {"covered_lines": 43, "num_statements": 43, "percent_covered": 100.0, "percent_covered_display": "100", "missing_lines": 0, "excluded_lines": 0, "percent_statements_covered": 100.0, "percent_statements_covered_display": "100"}, "missing_lines": [], "excluded_lines": [], "functions": {"SettingsModel.__init__": {"executed_lines": [45, 46, 48, 51], "summary": {"covered_lines": 4, "num_statements": 4, "percent_covered": 100.0, "percent_covered_display": "100", "missing_lines": 0, "excluded_lines": 0, "percent_statements_covered": 100.0, "percent_statements_covered_display": "100"}, "missing_lines": [], "excluded_lines": [], "start_line": 39}, "SettingsModel._convert_dict_to_lower_case": {"executed_lines": [69, 70, 71, 72, 76, 77], "summary": {"covered_lines": 6, "num_statements": 6, "percent_covered": 100.0, "percent_covered_display": "100", "missing_lines": 0, "excluded_lines": 0, "percent_statements_covered": 100.0, "percent_statements_covered_display": "100"}, "missing_lines": [], "excluded_lines": [], "start_line": 58}, "SettingsModel._resolve_environment_variables": {"executed_lines": [94, 107, 108], "summary": {"covered_lines": 3, "num_statements": 3, "percent_covered": 100.0, "percent_covered_display": "100", "missing_lines": 0, "excluded_lines": 0, "percent_statements_covered": 100.0, "percent_statements_covered_display": "100"}, "missing_lines": [], "excluded_lines": [], "start_line": 80}, "SettingsModel._resolve_environment_variables._resolve_string_values": {"executed_lines": [96, 97, 98, 99, 102, 103, 105], "summary": {"covered_lines": 7, "num_statements": 7, "percent_covered": 100.0, "percent_covered_display": "100", "missing_lines": 0, "excluded_lines": 0, "percent_statements_covered": 100.0, "percent_statements_covered_display": "100"}, "missing_lines": [], "excluded_lines": [], "start_line": 94}, "SettingsModel.get_pydantic_config": {"executed_lines": [123, 124, 125, 126], "summary": {"covered_lines": 4, "num_statements": 4, "percent_covered": 100.0, "percent_covered_display": "100", "missing_lines": 0, "excluded_lines": 0, "percent_statements_covered": 100.0, "percent_statements_covered_display": "100"}, "missing_lines": [], "excluded_lines": [], "start_line": 111}, "SettingsModel.get": {"executed_lines": [134], "summary": {"covered_lines": 1, "num_statements": 1, "percent_covered": 100.0, "percent_covered_display": "100", "missing_lines": 0, "excluded_lines": 0, "percent_statements_covered": 100.0, "percent_statements_covered_display": "100"}, "missing_lines": [], "excluded_lines": [], "start_line": 128}, "": {"executed_lines": [9, 10, 11, 13, 14, 16, 19, 20, 23, 39, 57, 58, 79, 80, 110, 111, 128, 138], "summary": {"covered_lines": 18, "num_statements": 18, "percent_covered": 100.0, "percent_covered_display": "100", "missing_lines": 0, "excluded_lines": 0, "percent_statements_covered": 100.0, "percent_statements_covered_display": "100"}, "missing_lines": [], "excluded_lines": [], "start_line": 1}}, "classes": {"SettingsModel": {"executed_lines": [45, 46, 48, 51, 69, 70, 71, 72, 76, 77, 94, 96, 97, 98, 99, 102, 103, 105, 107, 108, 123, 124, 125, 126, 134], "summary": {"covered_lines": 25, "num_statements": 25, "percent_covered": 100.0, "percent_covered_display": "100", "missing_lines": 0, "excluded_lines": 0, "percent_statements_covered": 100.0, "percent_statements_covered_display": "100"}, "missing_lines": [], "excluded_lines": [], "start_line": 23}, "": {"executed_lines": [9, 10, 11, 13, 14, 16, 19, 20, 23, 39, 57, 58, 79, 80, 110, 111, 128, 138], "summary": {"covered_lines": 18, "num_statements": 18, "percent_covered": 100.0, "percent_covered_display": "100", "missing_lines": 0, "excluded_lines": 0, "percent_statements_covered": 100.0, "percent_statements_covered_display": "100"}, "missing_lines": [], "excluded_lines": [], "start_line": 1}}}, "src/color_scheme/core/__init__.py": {"executed_lines": [3, 4, 12, 14], "summary": {"covered_lines": 4, "num_statements": 4, "percent_covered": 100.0, "percent_covered_display": "100", "missing_lines": 0, "excluded_lines": 0, "percent_statements_covered": 100.0, "percent_statements_covered_display": "100"}, "missing_lines": [], "excluded_lines": [], "functions": {"": {"executed_lines": [3, 4, 12, 14], "summary": {"covered_lines": 4, "num_statements": 4, "percent_covered": 100.0, "percent_covered_display": "100", "missing_lines": 0, "excluded_lines": 0, "percent_statements_covered": 100.0, "percent_statements_covered_display": "100"}, "missing_lines": [], "excluded_lines": [], "start_line": 1}}, "classes": {"": {"executed_lines": [3, 4, 12, 14], "summary": {"covered_lines": 4, "num_statements": 4, "percent_covered": 100.0, "percent_covered_display": "100", "missing_lines": 0, "excluded_lines": 0, "percent_statements_covered": 100.0, "percent_statements_covered_display": "100"}, "missing_lines": [], "excluded_lines": [], "start_line": 1}}}, "src/color_scheme/core/base.py": {"executed_lines": [3, 4, 6, 9, 15, 16, 33, 34, 42, 43, 44, 52, 58, 60, 61], "summary": {"covered_lines": 15, "num_statements": 18, "percent_covered": 83.33333333333333, "percent_covered_display": "83", "missing_lines": 3, "excluded_lines": 0, "percent_statements_covered": 83.33333333333333, "percent_statements_covered_display": "83"}, "missing_lines": [31, 40, 50], "excluded_lines": [], "functions": {"ColorSchemeGenerator.generate": {"executed_lines": [], "summary": {"covered_lines": 0, "num_statements": 1, "percent_covered": 0.0, "percent_covered_display": "0", "missing_lines": 1, "excluded_lines": 0, "percent_statements_covered": 0.0, "percent_statements_covered_display": "0"}, "missing_lines": [31], "excluded_lines": [], "start_line": 16}, "ColorSchemeGenerator.is_available": {"executed_lines": [], "summary": {"covered_lines": 0, "num_statements": 1, "percent_covered": 0.0, "percent_covered_display": "0", "missing_lines": 1, "excluded_lines": 0, "percent_statements_covered": 0.0, "percent_statements_covered_display": "0"}, "missing_lines": [40], "excluded_lines": [], "start_line": 34}, "ColorSchemeGenerator.backend_name": {"executed_lines": [], "summary": {"covered_lines": 0, "num_statements": 1, "percent_covered": 0.0, "percent_covered_display": "0", "missing_lines": 1, "excluded_lines": 0, "percent_statements_covered": 0.0, "percent_statements_covered_display": "0"}, "missing_lines": [50], "excluded_lines": [], "start_line": 44}, "ColorSchemeGenerator.ensure_available": {"executed_lines": [58, 60, 61], "summary": {"covered_lines": 3, "num_statements": 3, "percent_covered": 100.0, "percent_covered_display": "100", "missing_lines": 0, "excluded_lines": 0, "percent_statements_covered": 100.0, "percent_statements_covered_display": "100"}, "missing_lines": [], "excluded_lines": [], "start_line": 52}, "": {"executed_lines": [3, 4, 6, 9, 15, 16, 33, 34, 42, 43, 44, 52], "summary": {"covered_lines": 12, "num_statements": 12, "percent_covered": 100.0, "percent_covered_display": "100", "missing_lines": 0, "excluded_lines": 0, "percent_statements_covered": 100.0, "percent_statements_covered_display": "100"}, "missing_lines": [], "excluded_lines": [], "start_line": 1}}, "classes": {"ColorSchemeGenerator": {"executed_lines": [58, 60, 61], "summary": {"covered_lines": 3, "num_statements": 6, "percent_covered": 50.0, "percent_covered_display": "50", "missing_lines": 3, "excluded_lines": 0, "percent_statements_covered": 50.0, "percent_statements_covered_display": "50"}, "missing_lines": [31, 40, 50], "excluded_lines": [], "start_line": 9}, "": {"executed_lines": [3, 4, 6, 9, 15, 16, 33, 34, 42, 43, 44, 52], "summary": {"covered_lines": 12, "num_statements": 12, "percent_covered": 100.0, "percent_covered_display": "100", "missing_lines": 0, "excluded_lines": 0, "percent_statements_covered": 100.0, "percent_statements_covered_display": "100"}, "missing_lines": [], "excluded_lines": [], "start_line": 1}}}, "src/color_scheme/core/exceptions.py": {"executed_lines": [4, 7, 10, 13, 14, 15, 16, 19, 22, 23, 24, 25, 28, 31, 32, 33, 34, 37, 40, 41, 42, 43, 46, 49, 50, 51, 52], "summary": {"covered_lines": 27, "num_statements": 27, "percent_covered": 100.0, "percent_covered_display": "100", "missing_lines": 0, "excluded_lines": 0, "percent_statements_covered": 100.0, "percent_statements_covered_display": "100"}, "missing_lines": [], "excluded_lines": [], "functions": {"InvalidImageError.__init__": {"executed_lines": [14, 15, 16], "summary": {"covered_lines": 3, "num_statements": 3, "percent_covered": 100.0, "percent_covered_display": "100", "missing_lines": 0, "excluded_lines": 0, "percent_statements_covered": 100.0, "percent_statements_covered_display": "100"}, "missing_lines": [], "excluded_lines": [], "start_line": 13}, "ColorExtractionError.__init__": {"executed_lines": [23, 24, 25], "summary": {"covered_lines": 3, "num_statements": 3, "percent_covered": 100.0, "percent_covered_display": "100", "missing_lines": 0, "excluded_lines": 0, "percent_statements_covered": 100.0, "percent_statements_covered_display": "100"}, "missing_lines": [], "excluded_lines": [], "start_line": 22}, "BackendNotAvailableError.__init__": {"executed_lines": [32, 33, 34], "summary": {"covered_lines": 3, "num_statements": 3, "percent_covered": 100.0, "percent_covered_display": "100", "missing_lines": 0, "excluded_lines": 0, "percent_statements_covered": 100.0, "percent_statements_covered_display": "100"}, "missing_lines": [], "excluded_lines": [], "start_line": 31}, "TemplateRenderError.__init__": {"executed_lines": [41, 42, 43], "summary": {"covered_lines": 3, "num_statements": 3, "percent_covered": 100.0, "percent_covered_display": "100", "missing_lines": 0, "excluded_lines": 0, "percent_statements_covered": 100.0, "percent_statements_covered_display": "100"}, "missing_lines": [], "excluded_lines": [], "start_line": 40}, "OutputWriteError.__init__": {"executed_lines": [50, 51, 52], "summary": {"covered_lines": 3, "num_statements": 3, "percent_covered": 100.0, "percent_covered_display": "100", "missing_lines": 0, "excluded_lines": 0, "percent_statements_covered": 100.0, "percent_statements_covered_display": "100"}, "missing_lines": [], "excluded_lines": [], "start_line": 49}, "": {"executed_lines": [4, 7, 10, 13, 19, 22, 28, 31, 37, 40, 46, 49], "summary": {"covered_lines": 12, "num_statements": 12, "percent_covered": 100.0, "percent_covered_display": "100", "missing_lines": 0, "excluded_lines": 0, "percent_statements_covered": 100.0, "percent_statements_covered_display": "100"}, "missing_lines": [], "excluded_lines": [], "start_line": 1}}, "classes": {"ColorSchemeError": {"executed_lines": [], "summary": {"covered_lines": 0, "num_statements": 0, "percent_covered": 100.0, "percent_covered_display": "100", "missing_lines": 0, "excluded_lines": 0, "percent_statements_covered": 100.0, "percent_statements_covered_display": "100"}, "missing_lines": [], "excluded_lines": [], "start_line": 4}, "InvalidImageError": {"executed_lines": [14, 15, 16], "summary": {"covered_lines": 3, "num_statements": 3, "percent_covered": 100.0, "percent_covered_display": "100", "missing_lines": 0, "excluded_lines": 0, "percent_statements_covered": 100.0, "percent_statements_covered_display": "100"}, "missing_lines": [], "excluded_lines": [], "start_line": 10}, "ColorExtractionError": {"executed_lines": [23, 24, 25], "summary": {"covered_lines": 3, "num_statements": 3, "percent_covered": 100.0, "percent_covered_display": "100", "missing_lines": 0, "excluded_lines": 0, "percent_statements_covered": 100.0, "percent_statements_covered_display": "100"}, "missing_lines": [], "excluded_lines": [], "start_line": 19}, "BackendNotAvailableError": {"executed_lines": [32, 33, 34], "summary": {"covered_lines": 3, "num_statements": 3, "percent_covered": 100.0, "percent_covered_display": "100", "missing_lines": 0, "excluded_lines": 0, "percent_statements_covered": 100.0, "percent_statements_covered_display": "100"}, "missing_lines": [], "excluded_lines": [], "start_line": 28}, "TemplateRenderError": {"executed_lines": [41, 42, 43], "summary": {"covered_lines": 3, "num_statements": 3, "percent_covered": 100.0, "percent_covered_display": "100", "missing_lines": 0, "excluded_lines": 0, "percent_statements_covered": 100.0, "percent_statements_covered_display": "100"}, "missing_lines": [], "excluded_lines": [], "start_line": 37}, "OutputWriteError": {"executed_lines": [50, 51, 52], "summary": {"covered_lines": 3, "num_statements": 3, "percent_covered": 100.0, "percent_covered_display": "100", "missing_lines": 0, "excluded_lines": 0, "percent_statements_covered": 100.0, "percent_statements_covered_display": "100"}, "missing_lines": [], "excluded_lines": [], "start_line": 46}, "": {"executed_lines": [4, 7, 10, 13, 19, 22, 28, 31, 37, 40, 46, 49], "summary": {"covered_lines": 12, "num_statements": 12, "percent_covered": 100.0, "percent_covered_display": "100", "missing_lines": 0, "excluded_lines": 0, "percent_statements_covered": 100.0, "percent_statements_covered_display": "100"}, "missing_lines": [], "excluded_lines": [], "start_line": 1}}}, "src/color_scheme/core/types.py": {"executed_lines": [3, 4, 5, 6, 8, 10, 11, 14, 23, 24, 25, 27, 28, 29, 31, 32, 33, 35, 36, 38, 39, 40, 41, 42, 44, 54, 57, 60, 63, 66, 73, 76, 83, 97, 98, 99, 100, 103, 104, 105, 108, 111, 124, 125, 127, 130, 131, 134, 136, 137, 139, 151, 153, 155, 156, 157, 158, 159, 160, 164], "summary": {"covered_lines": 60, "num_statements": 61, "percent_covered": 98.36065573770492, "percent_covered_display": "98", "missing_lines": 1, "excluded_lines": 0, "percent_statements_covered": 98.36065573770492, "percent_statements_covered_display": "98"}, "missing_lines": [162], "excluded_lines": [], "functions": {"Color.validate_rgb": {"executed_lines": [31, 32, 33], "summary": {"covered_lines": 3, "num_statements": 3, "percent_covered": 100.0, "percent_covered_display": "100", "missing_lines": 0, "excluded_lines": 0, "percent_statements_covered": 100.0, "percent_statements_covered_display": "100"}, "missing_lines": [], "excluded_lines": [], "start_line": 29}, "Color.validate_hex_rgb_match": {"executed_lines": [38, 39, 40, 41, 42], "summary": {"covered_lines": 5, "num_statements": 5, "percent_covered": 100.0, "percent_covered_display": "100", "missing_lines": 0, "excluded_lines": 0, "percent_statements_covered": 100.0, "percent_statements_covered_display": "100"}, "missing_lines": [], "excluded_lines": [], "start_line": 36}, "Color.adjust_saturation": {"executed_lines": [54, 57, 60, 63, 66, 73, 76], "summary": {"covered_lines": 7, "num_statements": 7, "percent_covered": 100.0, "percent_covered_display": "100", "missing_lines": 0, "excluded_lines": 0, "percent_statements_covered": 100.0, "percent_statements_covered_display": "100"}, "missing_lines": [], "excluded_lines": [], "start_line": 44}, "GeneratorConfig.from_settings": {"executed_lines": [139], "summary": {"covered_lines": 1, "num_statements": 1, "percent_covered": 100.0, "percent_covered_display": "100", "missing_lines": 0, "excluded_lines": 0, "percent_statements_covered": 100.0, "percent_statements_covered_display": "100"}, "missing_lines": [], "excluded_lines": [], "start_line": 137}, "GeneratorConfig.get_backend_settings": {"executed_lines": [153, 155, 156, 157, 158, 159, 160, 164], "summary": {"covered_lines": 8, "num_statements": 9, "percent_covered": 88.88888888888889, "percent_covered_display": "89", "missing_lines": 1, "excluded_lines": 0, "percent_statements_covered": 88.88888888888889, "percent_statements_covered_display": "89"}, "missing_lines": [162], "excluded_lines": [], "start_line": 151}, "": {"executed_lines": [3, 4, 5, 6, 8, 10, 11, 14, 23, 24, 25, 27, 28, 29, 35, 36, 44, 83, 97, 98, 99, 100, 103, 104, 105, 108, 111, 124, 125, 127, 130, 131, 134, 136, 137, 151], "summary": {"covered_lines": 36, "num_statements": 36, "percent_covered": 100.0, "percent_covered_display": "100", "missing_lines": 0, "excluded_lines": 0, "percent_statements_covered": 100.0, "percent_statements_covered_display": "100"}, "missing_lines": [], "excluded_lines": [], "start_line": 1}}, "classes": {"Color": {"executed_lines": [31, 32, 33, 38, 39, 40, 41, 42, 54, 57, 60, 63, 66, 73, 76], "summary": {"covered_lines": 15, "num_statements": 15, "percent_covered": 100.0, "percent_covered_display": "100", "missing_lines": 0, "excluded_lines": 0, "percent_statements_covered": 100.0, "percent_statements_covered_display": "100"}, "missing_lines": [], "excluded_lines": [], "start_line": 14}, "ColorScheme": {"executed_lines": [], "summary": {"covered_lines": 0, "num_statements": 0, "percent_covered": 100.0, "percent_covered_display": "100", "missing_lines": 0, "excluded_lines": 0, "percent_statements_covered": 100.0, "percent_statements_covered_display": "100"}, "missing_lines": [], "excluded_lines": [], "start_line": 83}, "GeneratorConfig": {"executed_lines": [139, 153, 155, 156, 157, 158, 159, 160, 164], "summary": {"covered_lines": 9, "num_statements": 10, "percent_covered": 90.0, "percent_covered_display": "90", "missing_lines": 1, "excluded_lines": 0, "percent_statements_covered": 90.0, "percent_statements_covered_display": "90"}, "missing_lines": [162], "excluded_lines": [], "start_line": 111}, "": {"executed_lines": [3, 4, 5, 6, 8, 10, 11, 14, 23, 24, 25, 27, 28, 29, 35, 36, 44, 83, 97, 98, 99, 100, 103, 104, 105, 108, 111, 124, 125, 127, 130, 131, 134, 136, 137, 151], "summary": {"covered_lines": 36, "num_statements": 36, "percent_covered": 100.0, "percent_covered_display": "100", "missing_lines": 0, "excluded_lines": 0, "percent_statements_covered": 100.0, "percent_statements_covered_display": "100"}, "missing_lines": [], "excluded_lines": [], "start_line": 1}}}, "src/color_scheme/factory.py": {"executed_lines": [3, 5, 6, 7, 8, 9, 10, 12, 15, 27, 33, 34, 36, 48, 49, 50, 51, 52, 53, 57, 74, 76, 79, 81, 82, 84, 96, 98, 99, 100, 102, 103, 104, 106, 108, 109, 111, 112, 114, 127, 130, 131, 132, 134, 135, 136, 138, 139, 142, 143], "summary": {"covered_lines": 50, "num_statements": 51, "percent_covered": 98.03921568627452, "percent_covered_display": "98", "missing_lines": 1, "excluded_lines": 0, "percent_statements_covered": 98.03921568627452, "percent_statements_covered_display": "98"}, "missing_lines": [55], "excluded_lines": [], "functions": {"BackendFactory.__init__": {"executed_lines": [33, 34], "summary": {"covered_lines": 2, "num_statements": 2, "percent_covered": 100.0, "percent_covered_display": "100", "missing_lines": 0, "excluded_lines": 0, "percent_statements_covered": 100.0, "percent_statements_covered_display": "100"}, "missing_lines": [], "excluded_lines": [], "start_line": 27}, "BackendFactory._instantiate_generator": {"executed_lines": [48, 49, 50, 51, 52, 53], "summary": {"covered_lines": 6, "num_statements": 7, "percent_covered": 85.71428571428571, "percent_covered_display": "86", "missing_lines": 1, "excluded_lines": 0, "percent_statements_covered": 85.71428571428571, "percent_statements_covered_display": "86"}, "missing_lines": [55], "excluded_lines": [], "start_line": 36}, "BackendFactory.create": {"executed_lines": [74, 76, 79, 81, 82], "summary": {"covered_lines": 5, "num_statements": 5, "percent_covered": 100.0, "percent_covered_display": "100", "missing_lines": 0, "excluded_lines": 0, "percent_statements_covered": 100.0, "percent_statements_covered_display": "100"}, "missing_lines": [], "excluded_lines": [], "start_line": 57}, "BackendFactory.detect_available": {"executed_lines": [96, 98, 99, 100, 102, 103, 104, 106, 108, 109, 111, 112], "summary": {"covered_lines": 12, "num_statements": 12, "percent_covered": 100.0, "percent_covered_display": "100", "missing_lines": 0, "excluded_lines": 0, "percent_statements_covered": 100.0, "percent_statements_covered_display": "100"}, "missing_lines": [], "excluded_lines": [], "start_line": 84}, "BackendFactory.auto_detect": {"executed_lines": [127, 130, 131, 132, 134, 135, 136, 138, 139, 142, 143], "summary": {"covered_lines": 11, "num_statements": 11, "percent_covered": 100.0, "percent_covered_display": "100", "missing_lines": 0, "excluded_lines": 0, "percent_statements_covered": 100.0, "percent_statements_covered_display": "100"}, "missing_lines": [], "excluded_lines": [], "start_line": 114}, "": {"executed_lines": [3, 5, 6, 7, 8, 9, 10, 12, 15, 27, 36, 57, 84, 114], "summary": {"covered_lines": 14, "num_statements": 14, "percent_covered": 100.0, "percent_covered_display": "100", "missing_lines": 0, "excluded_lines": 0, "percent_statements_covered": 100.0, "percent_statements_covered_display": "100"}, "missing_lines": [], "excluded_lines": [], "start_line": 1}}, "classes": {"BackendFactory": {"executed_lines": [33, 34, 48, 49, 50, 51, 52, 53, 74, 76, 79, 81, 82, 96, 98, 99, 100, 102, 103, 104, 106, 108, 109, 111, 112, 127, 130, 131, 132, 134, 135, 136, 138, 139, 142, 143], "summary": {"covered_lines": 36, "num_statements": 37, "percent_covered": 97.29729729729729, "percent_covered_display": "97", "missing_lines": 1, "excluded_lines": 0, "percent_statements_covered": 97.29729729729729, "percent_statements_covered_display": "97"}, "missing_lines": [55], "excluded_lines": [], "start_line": 15}, "": {"executed_lines": [3, 5, 6, 7, 8, 9, 10, 12, 15, 27, 36, 57, 84, 114], "summary": {"covered_lines": 14, "num_statements": 14, "percent_covered": 100.0, "percent_covered_display": "100", "missing_lines": 0, "excluded_lines": 0, "percent_statements_covered": 100.0, "percent_statements_covered_display": "100"}, "missing_lines": [], "excluded_lines": [], "start_line": 1}}}, "src/color_scheme/output/__init__.py": {"executed_lines": [3, 5], "summary": {"covered_lines": 2, "num_statements": 2, "percent_covered": 100.0, "percent_covered_display": "100", "missing_lines": 0, "excluded_lines": 0, "percent_statements_covered": 100.0, "percent_statements_covered_display": "100"}, "missing_lines": [], "excluded_lines": [], "functions": {"": {"executed_lines": [3, 5], "summary": {"covered_lines": 2, "num_statements": 2, "percent_covered": 100.0, "percent_covered_display": "100", "missing_lines": 0, "excluded_lines": 0, "percent_statements_covered": 100.0, "percent_statements_covered_display": "100"}, "missing_lines": [], "excluded_lines": [], "start_line": 1}}, "classes": {"": {"executed_lines": [3, 5], "summary": {"covered_lines": 2, "num_statements": 2, "percent_covered": 100.0, "percent_covered_display": "100", "missing_lines": 0, "excluded_lines": 0, "percent_statements_covered": 100.0, "percent_statements_covered_display": "100"}, "missing_lines": [], "excluded_lines": [], "start_line": 1}}}, "src/color_scheme/output/manager.py": {"executed_lines": [3, 5, 7, 8, 9, 10, 13, 27, 33, 36, 37, 43, 50, 68, 71, 72, 74, 92, 95, 98, 99, 100, 102, 104, 121, 123, 124, 125, 134, 135, 136, 140, 141, 146, 160, 161, 162, 164, 174, 175, 176, 177, 181, 182, 187, 197, 198, 199, 200, 204, 205], "summary": {"covered_lines": 51, "num_statements": 53, "percent_covered": 96.22641509433963, "percent_covered_display": "96", "missing_lines": 2, "excluded_lines": 0, "percent_statements_covered": 96.22641509433963, "percent_statements_covered_display": "96"}, "missing_lines": [39, 40], "excluded_lines": [], "functions": {"OutputManager.__init__": {"executed_lines": [33, 36, 37, 43], "summary": {"covered_lines": 4, "num_statements": 6, "percent_covered": 66.66666666666667, "percent_covered_display": "67", "missing_lines": 2, "excluded_lines": 0, "percent_statements_covered": 66.66666666666667, "percent_statements_covered_display": "67"}, "missing_lines": [39, 40], "excluded_lines": [], "start_line": 27}, "OutputManager.write_outputs": {"executed_lines": [68, 71, 72], "summary": {"covered_lines": 3, "num_statements": 3, "percent_covered": 100.0, "percent_covered_display": "100", "missing_lines": 0, "excluded_lines": 0, "percent_statements_covered": 100.0, "percent_statements_covered_display": "100"}, "missing_lines": [], "excluded_lines": [], "start_line": 50}, "OutputManager._write_format": {"executed_lines": [92, 95, 98, 99, 100, 102], "summary": {"covered_lines": 6, "num_statements": 6, "percent_covered": 100.0, "percent_covered_display": "100", "missing_lines": 0, "excluded_lines": 0, "percent_statements_covered": 100.0, "percent_statements_covered_display": "100"}, "missing_lines": [], "excluded_lines": [], "start_line": 74}, "OutputManager._render_template": {"executed_lines": [121, 123, 124, 125, 134, 135, 136, 140, 141], "summary": {"covered_lines": 9, "num_statements": 9, "percent_covered": 100.0, "percent_covered_display": "100", "missing_lines": 0, "excluded_lines": 0, "percent_statements_covered": 100.0, "percent_statements_covered_display": "100"}, "missing_lines": [], "excluded_lines": [], "start_line": 104}, "OutputManager._convert_to_escape_sequences": {"executed_lines": [160, 161, 162], "summary": {"covered_lines": 3, "num_statements": 3, "percent_covered": 100.0, "percent_covered_display": "100", "missing_lines": 0, "excluded_lines": 0, "percent_statements_covered": 100.0, "percent_statements_covered_display": "100"}, "missing_lines": [], "excluded_lines": [], "start_line": 146}, "OutputManager._write_binary_file": {"executed_lines": [174, 175, 176, 177, 181, 182], "summary": {"covered_lines": 6, "num_statements": 6, "percent_covered": 100.0, "percent_covered_display": "100", "missing_lines": 0, "excluded_lines": 0, "percent_statements_covered": 100.0, "percent_statements_covered_display": "100"}, "missing_lines": [], "excluded_lines": [], "start_line": 164}, "OutputManager._write_file": {"executed_lines": [197, 198, 199, 200, 204, 205], "summary": {"covered_lines": 6, "num_statements": 6, "percent_covered": 100.0, "percent_covered_display": "100", "missing_lines": 0, "excluded_lines": 0, "percent_statements_covered": 100.0, "percent_statements_covered_display": "100"}, "missing_lines": [], "excluded_lines": [], "start_line": 187}, "": {"executed_lines": [3, 5, 7, 8, 9, 10, 13, 27, 50, 74, 104, 146, 164, 187], "summary": {"covered_lines": 14, "num_statements": 14, "percent_covered": 100.0, "percent_covered_display": "100", "missing_lines": 0, "excluded_lines": 0, "percent_statements_covered": 100.0, "percent_statements_covered_display": "100"}, "missing_lines": [], "excluded_lines": [], "start_line": 1}}, "classes": {"OutputManager": {"executed_lines": [33, 36, 37, 43, 68, 71, 72, 92, 95, 98, 99, 100, 102, 121, 123, 124, 125, 134, 135, 136, 140, 141, 160, 161, 162, 174, 175, 176, 177, 181, 182, 197, 198, 199, 200, 204, 205], "summary": {"covered_lines": 37, "num_statements": 39, "percent_covered": 94.87179487179488, "percent_covered_display": "95", "missing_lines": 2, "excluded_lines": 0, "percent_statements_covered": 94.87179487179488, "percent_statements_covered_display": "95"}, "missing_lines": [39, 40], "excluded_lines": [], "start_line": 13}, "": {"executed_lines": [3, 5, 7, 8, 9, 10, 13, 27, 50, 74, 104, 146, 164, 187], "summary": {"covered_lines": 14, "num_statements": 14, "percent_covered": 100.0, "percent_covered_display": "100", "missing_lines": 0, "excluded_lines": 0, "percent_statements_covered": 100.0, "percent_statements_covered_display": "100"}, "missing_lines": [], "excluded_lines": [], "start_line": 1}}}}, "totals": {"covered_lines": 725, "num_statements": 799, "percent_covered": 90.73842302878599, "percent_covered_display": "91", "missing_lines": 74, "excluded_lines": 0, "percent_statements_covered": 90.73842302878599, "percent_statements_covered_display": "91"}}